0 info it worked if it ends with ok
1 verbose cli [ 'C:\\Program Files\\nodejs\\node.exe',
1 verbose cli   'C:\\Users\\Geurt\\AppData\\Roaming\\npm\\node_modules\\npm\\bin\\npm-cli.js',
1 verbose cli   'publish' ]
2 info using npm@3.5.1
3 info using node@v4.2.4
4 verbose publish [ '.' ]
5 silly cache add args [ '.', null ]
6 verbose cache add spec .
7 silly cache add parsed spec Result {
7 silly cache add   raw: '.',
7 silly cache add   scope: null,
7 silly cache add   name: null,
7 silly cache add   rawSpec: '.',
7 silly cache add   spec: 'C:\\dev\\RPi\\homebridge-winpc',
7 silly cache add   type: 'directory' }
8 verbose addLocalDirectory C:\Users\Geurt\AppData\Roaming\npm-cache\homebridge-winpc\0.3.27\package.tgz not in flight; packing
9 info lifecycle homebridge-winpc@0.3.27~prepublish: homebridge-winpc@0.3.27
10 silly lifecycle homebridge-winpc@0.3.27~prepublish: no script for prepublish, continuing
11 verbose tar pack [ 'C:\\Users\\Geurt\\AppData\\Roaming\\npm-cache\\homebridge-winpc\\0.3.27\\package.tgz',
11 verbose tar pack   'C:\\dev\\RPi\\homebridge-winpc' ]
12 verbose tarball C:\Users\Geurt\AppData\Roaming\npm-cache\homebridge-winpc\0.3.27\package.tgz
13 verbose folder C:\dev\RPi\homebridge-winpc
14 verbose addLocalTarball adding from inside cache C:\Users\Geurt\AppData\Roaming\npm-cache\homebridge-winpc\0.3.27\package.tgz
15 silly cache afterAdd homebridge-winpc@0.3.27
16 verbose afterAdd C:\Users\Geurt\AppData\Roaming\npm-cache\homebridge-winpc\0.3.27\package\package.json not in flight; writing
17 verbose afterAdd C:\Users\Geurt\AppData\Roaming\npm-cache\homebridge-winpc\0.3.27\package\package.json written
18 silly publish { name: 'homebridge-winpc',
18 silly publish   version: '0.3.27',
18 silly publish   description: 'Homebridge module for the windows PC (using WOL and Airytec Switch Off)',
18 silly publish   main: 'index.js',
18 silly publish   scripts: { test: 'echo "Error: no test specified" && exit 1' },
18 silly publish   repository:
18 silly publish    { type: 'git',
18 silly publish      url: 'git+https://github.com/gw-wiscon/homebridge-winpc.git' },
18 silly publish   dependencies:
18 silly publish    { request: '^2.65.0',
18 silly publish      'polling-to-event': '^2.0.2',
18 silly publish      wake_on_lan: '^0.0.4' },
18 silly publish   keywords:
18 silly publish    [ 'Homebridge',
18 silly publish      'WindowsPC',
18 silly publish      'WinPC',
18 silly publish      'WOL',
18 silly publish      'WakeupOnLan',
18 silly publish      'Airytec',
18 silly publish      'homebridge-plugin' ],
18 silly publish   engines: { node: '>=0.12.0', homebridge: '>=0.2.0' },
18 silly publish   author:
18 silly publish    { name: 'gw-wiscon',
18 silly publish      email: 'gw.wiscon@gmail.com',
18 silly publish      url: 'http://' },
18 silly publish   license: 'ISC',
18 silly publish   bugs: { url: 'https://github.com/gwk-wiscon/homebridge-winpc/issues' },
18 silly publish   homepage: 'https://github.com/gwk-wiscon/homebridge-winpc#readme',
18 silly publish   readme: '# homebridge-winpc\r\nHomebridge module for the windows PC (using WOL and Airytec Switch Off)\r\n\r\n# Description\r\n\r\nThis plugin is basically a modification of homebridge-http.\r\nMain difference is:\r\n- Ability to poll every 5 min a WindowsPC\r\n- Ability to sent a WakeOnLan request\r\n- Ability to sent on OFF command to a WindowsPC (provided Airytec Switch Off is running in service mode and active)\r\n- If no answer is received, the power state is set to false\r\n- If any answer is received, the power state is set to true\r\n\r\n# Installation\r\n\r\n1. Install homebridge using: npm install -g homebridge\r\n2. Install this plugin using: npm install -g homebridge-philipswinpc\r\n3. Update your configuration file. See the sample below.\r\n\r\n# Configuration\r\n\r\nExample accessory config (needs to be added to the homebridge config.json):\r\n ```\r\n"accessories": [\r\n\t{\r\n\t\t"accessory": "WinPC",\r\n\t\t"name": "My Windows PC",\r\n\t\t"http_method": "GET",\r\n\t\t"on_url": "wol://40:39:51:04:99:c0",\r\n\t\t"off_url": "http://10.0.1.23:7878/?action=System.Shutdown",\r\n\t\t"status_url": "http://10.0.1.23:7878/",\r\n\t\t"sendimmediately": "yes",\r\n\t\t"poll_status_interval": "60",\r\n\t\t"username" : "User",\r\n\t\t"password" : "password",\r\n\t\t"powerstateOnError" : "0",\r\n\t\t"powerstateOnConnect" : "1"\t\t\t\t\r\n\t}\r\n]\r\n ```\r\n',
18 silly publish   readmeFilename: 'README.md',
18 silly publish   gitHead: 'f8ab0256a5c2913622a31a64bc030877e2a25a28',
18 silly publish   _id: 'homebridge-winpc@0.3.27',
18 silly publish   _shasum: 'b5abc96e324a7b627659bd57d7fae026e3b43586',
18 silly publish   _from: '.' }
19 verbose getPublishConfig undefined
20 silly mapToRegistry name homebridge-winpc
21 silly mapToRegistry using default registry
22 silly mapToRegistry registry https://registry.npmjs.org/
23 silly mapToRegistry uri https://registry.npmjs.org/homebridge-winpc
24 verbose publish registryBase https://registry.npmjs.org/
25 silly publish uploading C:\Users\Geurt\AppData\Roaming\npm-cache\homebridge-winpc\0.3.27\package.tgz
26 verbose request uri https://registry.npmjs.org/homebridge-winpc
27 verbose request sending authorization for write operation
28 info attempt registry request try #1 at 05:34:49
29 verbose request using bearer token for auth
30 verbose request id 42ff34c3216973e5
31 http request PUT https://registry.npmjs.org/homebridge-winpc
32 http 403 https://registry.npmjs.org/homebridge-winpc
33 verbose headers { 'content-type': 'application/json',
33 verbose headers   'cache-control': 'max-age=300',
33 verbose headers   'content-length': '96',
33 verbose headers   'accept-ranges': 'bytes',
33 verbose headers   date: 'Wed, 03 Feb 2016 04:34:53 GMT',
33 verbose headers   via: '1.1 varnish',
33 verbose headers   connection: 'keep-alive',
33 verbose headers   'x-served-by': 'cache-ams4125-AMS',
33 verbose headers   'x-cache': 'MISS',
33 verbose headers   'x-cache-hits': '0',
33 verbose headers   'x-timer': 'S1454474091.977155,VS0,VE1124' }
34 verbose request invalidating C:\Users\Geurt\AppData\Roaming\npm-cache\registry.npmjs.org\homebridge-winpc on PUT
35 error publish Failed PUT 403
36 verbose stack Error: "You cannot publish over the previously published version 0.3.27." : homebridge-winpc
36 verbose stack     at makeError (C:\Users\Geurt\AppData\Roaming\npm\node_modules\npm\node_modules\npm-registry-client\lib\request.js:264:12)
36 verbose stack     at CachingRegistryClient.<anonymous> (C:\Users\Geurt\AppData\Roaming\npm\node_modules\npm\node_modules\npm-registry-client\lib\request.js:252:14)
36 verbose stack     at Request._callback (C:\Users\Geurt\AppData\Roaming\npm\node_modules\npm\node_modules\npm-registry-client\lib\request.js:172:14)
36 verbose stack     at Request.self.callback (C:\Users\Geurt\AppData\Roaming\npm\node_modules\npm\node_modules\request\request.js:198:22)
36 verbose stack     at emitTwo (events.js:87:13)
36 verbose stack     at Request.emit (events.js:172:7)
36 verbose stack     at Request.<anonymous> (C:\Users\Geurt\AppData\Roaming\npm\node_modules\npm\node_modules\request\request.js:1082:10)
36 verbose stack     at emitOne (events.js:82:20)
36 verbose stack     at Request.emit (events.js:169:7)
36 verbose stack     at IncomingMessage.<anonymous> (C:\Users\Geurt\AppData\Roaming\npm\node_modules\npm\node_modules\request\request.js:1009:12)
37 verbose statusCode 403
38 verbose pkgid homebridge-winpc
39 verbose cwd C:\dev\RPi\homebridge-winpc
40 error Windows_NT 10.0.10240
41 error argv "C:\\Program Files\\nodejs\\node.exe" "C:\\Users\\Geurt\\AppData\\Roaming\\npm\\node_modules\\npm\\bin\\npm-cli.js" "publish"
42 error node v4.2.4
43 error npm  v3.5.1
44 error code E403
45 error "You cannot publish over the previously published version 0.3.27." : homebridge-winpc
46 error If you need help, you may report this error at:
46 error     <https://github.com/npm/npm/issues>
47 verbose exit [ 1, true ]
